[2023-05-25 16:18:12] [info] Start Program:
Path:".\\Debug\\GildedRose-Test1.exe"
Arguments:
Working directory: not set.
Modules: Selected: * Excluded: 
Sources: Selected: D:\data\*.c Excluded: 
Log Level: Normal
Cover Children: 0
Aggregate by file: 1
Continue after C++ exception: 0
Optimized build support: 0
Export: html coverage 
Input coverage: 
Unified diff: 
Excluded line regular expressions: 
Substitute pdb source paths: 
[2023-05-25 16:18:12] [info] Module: D:\data\CRA\dev\GildedRose\Debug\GildedRose-Test1.exe is selected because it matches selected pattern: *
[2023-05-25 16:18:12] [info] Module: C:\Windows\System32\ntdll.dll is selected because it matches selected pattern: *
[2023-05-25 16:18:12] [info] Module: C:\Windows\SysWOW64\ntdll.dll is selected because it matches selected pattern: *
[2023-05-25 16:18:12] [info] Module: C:\Windows\System32\wow64.dll is selected because it matches selected pattern: *
[2023-05-25 16:18:12] [info] Module: C:\Windows\System32\wow64win.dll is selected because it matches selected pattern: *
[2023-05-25 16:18:12] [info] Module: C:\Windows\System32\wow64cpu.dll is selected because it matches selected pattern: *
[2023-05-25 16:18:12] [info] Module: C:\Windows\SysWOW64\kernel32.dll is selected because it matches selected pattern: *
[2023-05-25 16:18:12] [info] Module: C:\Windows\SysWOW64\KernelBase.dll is selected because it matches selected pattern: *
[2023-05-25 16:18:12] [info] Module: C:\Windows\SysWOW64\ucrtbased.dll is selected because it matches selected pattern: *
[2023-05-25 16:18:12] [info] Module: C:\Windows\SysWOW64\msvcp140d.dll is selected because it matches selected pattern: *
[2023-05-25 16:18:12] [info] Module: C:\Windows\SysWOW64\vcruntime140d.dll is selected because it matches selected pattern: *
[2023-05-25 16:18:12] [info] Module: C:\Windows\SysWOW64\kernel.appcore.dll is selected because it matches selected pattern: *
[2023-05-25 16:18:12] [info] Module: C:\Windows\SysWOW64\msvcrt.dll is selected because it matches selected pattern: *
[2023-05-25 16:18:12] [info] Module: C:\Windows\SysWOW64\rpcrt4.dll is selected because it matches selected pattern: *
[2023-05-25 16:18:12] [info] ----------------------------------------------------
[2023-05-25 16:18:12] [info] Coverage generated in Folder D:\data\CRA\dev\GildedRose\coverage
[2023-05-25 16:18:12] [info] ----------------------------------------------------
[2023-05-25 16:18:12] [info] The code coverage report is not what you expect? See the FAQ https://github.com/OpenCppCoverage/OpenCppCoverage/wiki/FAQ.
